Determining if the function sgemm_ exists failed with the following output:
Change Dir: /home/servot82/PILOT/build/CMakeFiles/CMakeTmp

Run Build Command(s):/usr/bin/gmake -f Makefile cmTC_c1e6a/fast && /usr/bin/gmake  -f CMakeFiles/cmTC_c1e6a.dir/build.make CMakeFiles/cmTC_c1e6a.dir/build
gmake[1]: Entering directory '/home/servot82/PILOT/build/CMakeFiles/CMakeTmp'
Building C object CMakeFiles/cmTC_c1e6a.dir/CheckFunctionExists.c.o
/usr/bin/cc   -DCHECK_FUNCTION_EXISTS=sgemm_ -o CMakeFiles/cmTC_c1e6a.dir/CheckFunctionExists.c.o -c /usr/share/cmake-3.22/Modules/CheckFunctionExists.c
Linking C executable cmTC_c1e6a
/usr/bin/cmake -E cmake_link_script CMakeFiles/cmTC_c1e6a.dir/link.txt --verbose=1
/usr/bin/cc  -DCHECK_FUNCTION_EXISTS=sgemm_ CMakeFiles/cmTC_c1e6a.dir/CheckFunctionExists.c.o -o cmTC_c1e6a 
/usr/bin/ld: CMakeFiles/cmTC_c1e6a.dir/CheckFunctionExists.c.o: in function `main':
CheckFunctionExists.c:(.text+0x14): undefined reference to `sgemm_'
collect2: error: ld returned 1 exit status
gmake[1]: *** [CMakeFiles/cmTC_c1e6a.dir/build.make:99: cmTC_c1e6a] Error 1
gmake[1]: Leaving directory '/home/servot82/PILOT/build/CMakeFiles/CMakeTmp'
gmake: *** [Makefile:127: cmTC_c1e6a/fast] Error 2



Determining if the function cheev_ exists failed with the following output:
Change Dir: /home/servot82/PILOT/build/CMakeFiles/CMakeTmp

Run Build Command(s):/usr/bin/gmake -f Makefile cmTC_e2fd5/fast && /usr/bin/gmake  -f CMakeFiles/cmTC_e2fd5.dir/build.make CMakeFiles/cmTC_e2fd5.dir/build
gmake[1]: Entering directory '/home/servot82/PILOT/build/CMakeFiles/CMakeTmp'
Building C object CMakeFiles/cmTC_e2fd5.dir/CheckFunctionExists.c.o
/usr/bin/cc   -DCHECK_FUNCTION_EXISTS=cheev_ -o CMakeFiles/cmTC_e2fd5.dir/CheckFunctionExists.c.o -c /usr/share/cmake-3.22/Modules/CheckFunctionExists.c
Linking C executable cmTC_e2fd5
/usr/bin/cmake -E cmake_link_script CMakeFiles/cmTC_e2fd5.dir/link.txt --verbose=1
/usr/bin/cc  -DCHECK_FUNCTION_EXISTS=cheev_ CMakeFiles/cmTC_e2fd5.dir/CheckFunctionExists.c.o -o cmTC_e2fd5  /usr/lib/x86_64-linux-gnu/libblas.so -lm -ldl 
/usr/bin/ld: CMakeFiles/cmTC_e2fd5.dir/CheckFunctionExists.c.o: in function `main':
CheckFunctionExists.c:(.text+0x14): undefined reference to `cheev_'
collect2: error: ld returned 1 exit status
gmake[1]: *** [CMakeFiles/cmTC_e2fd5.dir/build.make:100: cmTC_e2fd5] Error 1
gmake[1]: Leaving directory '/home/servot82/PILOT/build/CMakeFiles/CMakeTmp'
gmake: *** [Makefile:127: cmTC_e2fd5/fast] Error 2



Determining if the function cheev_ exists failed with the following output:
Change Dir: /home/servot82/PILOT/build/CMakeFiles/CMakeTmp

Run Build Command(s):/usr/bin/gmake -f Makefile cmTC_20290/fast && /usr/bin/gmake  -f CMakeFiles/cmTC_20290.dir/build.make CMakeFiles/cmTC_20290.dir/build
gmake[1]: Entering directory '/home/servot82/PILOT/build/CMakeFiles/CMakeTmp'
Building C object CMakeFiles/cmTC_20290.dir/CheckFunctionExists.c.o
/usr/bin/cc   -DCHECK_FUNCTION_EXISTS=cheev_ -o CMakeFiles/cmTC_20290.dir/CheckFunctionExists.c.o -c /usr/share/cmake-3.22/Modules/CheckFunctionExists.c
Linking C executable cmTC_20290
/usr/bin/cmake -E cmake_link_script CMakeFiles/cmTC_20290.dir/link.txt --verbose=1
/usr/bin/cc  -DCHECK_FUNCTION_EXISTS=cheev_ CMakeFiles/cmTC_20290.dir/CheckFunctionExists.c.o -o cmTC_20290  /usr/lib/x86_64-linux-gnu/liblapack.so /usr/lib/x86_64-linux-gnu/libblas.so -fortranlibs 
cc: error: unrecognized command-line option ‘-fortranlibs’
gmake[1]: *** [CMakeFiles/cmTC_20290.dir/build.make:101: cmTC_20290] Error 1
gmake[1]: Leaving directory '/home/servot82/PILOT/build/CMakeFiles/CMakeTmp'
gmake: *** [Makefile:127: cmTC_20290/fast] Error 2



